<?xml version="1.0" encoding="UTF-8"?>
<testsuites>
  <testsuite name="fastlane.lanes">
    
    
    
      
      <testcase classname="fastlane.lanes" name="0: default_platform" time="0.000183">
        
      </testcase>
    
      
      <testcase classname="fastlane.lanes" name="1: test" time="1.083211">
        
          <failure message="/Library/Ruby/Gems/2.6.0/gems/fastlane-2.220.0/fastlane/lib/fastlane/actions/actions_helper.rb:67:in `execute_action'&#10;/Library/Ruby/Gems/2.6.0/gems/fastlane-2.220.0/fastlane/lib/fastlane/runner.rb:255:in `block in execute_action'&#10;/Library/Ruby/Gems/2.6.0/gems/fastlane-2.220.0/fastlane/lib/fastlane/runner.rb:229:in `chdir'&#10;/Library/Ruby/Gems/2.6.0/gems/fastlane-2.220.0/fastlane/lib/fastlane/runner.rb:229:in `execute_action'&#10;/Library/Ruby/Gems/2.6.0/gems/fastlane-2.220.0/fastlane/lib/fastlane/runner.rb:157:in `trigger_action_by_name'&#10;/Library/Ruby/Gems/2.6.0/gems/fastlane-2.220.0/fastlane/lib/fastlane/fast_file.rb:159:in `method_missing'&#10;Fastfile:21:in `block (2 levels) in parsing_binding'&#10;/Library/Ruby/Gems/2.6.0/gems/fastlane-2.220.0/fastlane/lib/fastlane/lane.rb:41:in `call'&#10;/Library/Ruby/Gems/2.6.0/gems/fastlane-2.220.0/fastlane/lib/fastlane/runner.rb:49:in `block in execute'&#10;/Library/Ruby/Gems/2.6.0/gems/fastlane-2.220.0/fastlane/lib/fastlane/runner.rb:45:in `chdir'&#10;/Library/Ruby/Gems/2.6.0/gems/fastlane-2.220.0/fastlane/lib/fastlane/runner.rb:45:in `execute'&#10;/Library/Ruby/Gems/2.6.0/gems/fastlane-2.220.0/fastlane/lib/fastlane/lane_manager.rb:46:in `cruise_lane'&#10;/Library/Ruby/Gems/2.6.0/gems/fastlane-2.220.0/fastlane/lib/fastlane/command_line_handler.rb:34:in `handle'&#10;/Library/Ruby/Gems/2.6.0/gems/fastlane-2.220.0/fastlane/lib/fastlane/commands_generator.rb:110:in `block (2 levels) in run'&#10;/Library/Ruby/Gems/2.6.0/gems/commander-4.6.0/lib/commander/command.rb:187:in `call'&#10;/Library/Ruby/Gems/2.6.0/gems/commander-4.6.0/lib/commander/command.rb:157:in `run'&#10;/Library/Ruby/Gems/2.6.0/gems/commander-4.6.0/lib/commander/runner.rb:444:in `run_active_command'&#10;/Library/Ruby/Gems/2.6.0/gems/fastlane-2.220.0/fastlane_core/lib/fastlane_core/ui/fastlane_runner.rb:124:in `run!'&#10;/Library/Ruby/Gems/2.6.0/gems/commander-4.6.0/lib/commander/delegates.rb:18:in `run!'&#10;/Library/Ruby/Gems/2.6.0/gems/fastlane-2.220.0/fastlane/lib/fastlane/commands_generator.rb:363:in `run'&#10;/Library/Ruby/Gems/2.6.0/gems/fastlane-2.220.0/fastlane/lib/fastlane/commands_generator.rb:43:in `start'&#10;/Library/Ruby/Gems/2.6.0/gems/fastlane-2.220.0/fastlane/lib/fastlane/cli_tools_distributor.rb:123:in `take_off'&#10;/Library/Ruby/Gems/2.6.0/gems/fastlane-2.220.0/bin/fastlane:23:in `&lt;top (required)&gt;'&#10;/usr/local/bin/fastlane:23:in `load'&#10;/usr/local/bin/fastlane:23:in `&lt;top (required)&gt;'&#10;/System/Library/Frameworks/Ruby.framework/Versions/2.6/usr/lib/ruby/2.6.0/bundler/cli/exec.rb:74:in `load'&#10;/System/Library/Frameworks/Ruby.framework/Versions/2.6/usr/lib/ruby/2.6.0/bundler/cli/exec.rb:74:in `kernel_load'&#10;/System/Library/Frameworks/Ruby.framework/Versions/2.6/usr/lib/ruby/2.6.0/bundler/cli/exec.rb:28:in `run'&#10;/System/Library/Frameworks/Ruby.framework/Versions/2.6/usr/lib/ruby/2.6.0/bundler/cli.rb:463:in `exec'&#10;/System/Library/Frameworks/Ruby.framework/Versions/2.6/usr/lib/ruby/2.6.0/bundler/vendor/thor/lib/thor/command.rb:27:in `run'&#10;/System/Library/Frameworks/Ruby.framework/Versions/2.6/usr/lib/ruby/2.6.0/bundler/vendor/thor/lib/thor/invocation.rb:126:in `invoke_command'&#10;/System/Library/Frameworks/Ruby.framework/Versions/2.6/usr/lib/ruby/2.6.0/bundler/vendor/thor/lib/thor.rb:387:in `dispatch'&#10;/System/Library/Frameworks/Ruby.framework/Versions/2.6/usr/lib/ruby/2.6.0/bundler/cli.rb:27:in `dispatch'&#10;/System/Library/Frameworks/Ruby.framework/Versions/2.6/usr/lib/ruby/2.6.0/bundler/vendor/thor/lib/thor/base.rb:466:in `start'&#10;/System/Library/Frameworks/Ruby.framework/Versions/2.6/usr/lib/ruby/2.6.0/bundler/cli.rb:18:in `start'&#10;/Library/Ruby/Gems/2.6.0/gems/bundler-1.17.2/exe/bundle:30:in `block in &lt;top (required)&gt;'&#10;/System/Library/Frameworks/Ruby.framework/Versions/2.6/usr/lib/ruby/2.6.0/bundler/friendly_errors.rb:124:in `with_friendly_errors'&#10;/Library/Ruby/Gems/2.6.0/gems/bundler-1.17.2/exe/bundle:22:in `&lt;top (required)&gt;'&#10;/usr/bin/bundle:23:in `load'&#10;/usr/bin/bundle:23:in `&lt;main&gt;'&#10;&#10;Exit status of command '/Users/simenko/StudioProjects/QualityManagementApplication/gradlew test -p .' was 1 instead of 0.&#10;Errors during XML parse:&#10;Additionally, the fallback loader failed to parse the XML.&#10;Checking the license for package Android SDK Build-Tools 33.0.1 in /Users/simenko/Library/Java/JavaVirtualMachines/liberica-17.0.9/licenses&#10;Warning: License for package Android SDK Build-Tools 33.0.1 not accepted.&#10;Checking the license for package Android SDK Platform 34 in /Users/simenko/Library/Java/JavaVirtualMachines/liberica-17.0.9/licenses&#10;Warning: License for package Android SDK Platform 34 not accepted.&#10;&#10;FAILURE: Build failed with an exception.&#10;&#10;* What went wrong:&#10;Could not determine the dependencies of task ':app:testDebugUnitTest'.&#10;&gt; Failed to install the following Android SDK packages as some licences have not been accepted.&#10;     platforms;android-34 Android SDK Platform 34&#10;     build-tools;33.0.1 Android SDK Build-Tools 33.0.1&#10;  To build this project, accept the SDK license agreements and install the missing components using the Android Studio SDK Manager.&#10;  All licenses can be accepted using the sdkmanager command line tool:&#10;  sdkmanager.bat --licenses&#10;  Or, to transfer the license agreements from one workstation to another, see https://developer.android.com/studio/intro/update.html#download-with-gradle&#10;  &#10;  Using Android SDK: /Users/simenko/Library/Java/JavaVirtualMachines/liberica-17.0.9&#10;&#10;* Try:&#10;&gt; Run with --stacktrace option to get the stack trace.&#10;&gt; Run with --info or --debug option to get more log output.&#10;&gt; Run with --scan to get full insights.&#10;&gt; Get more help at https://help.gradle.org.&#10;&#10;BUILD FAILED in 606ms&#10;" />
        
      </testcase>
    
  </testsuite>
</testsuites>
